<?xml version="1.0" encoding="UTF-8"?>
<testng-results skipped="0" failed="0" ignored="0" total="2" passed="2">
  <reporter-output>
  </reporter-output>
  <suite name="Default suite" duration-ms="32459" started-at="2021-05-16T13:43:16 IST" finished-at="2021-05-16T13:43:49 IST">
    <groups>
    </groups>
    <test name="Default test" duration-ms="32459" started-at="2021-05-16T13:43:16 IST" finished-at="2021-05-16T13:43:49 IST">
      <class name="apps.test.TC_1">
        <test-method status="PASS" signature="startTest()[pri:0, instance:apps.test.TC_1@7c83dc97]" name="startTest" is-config="true" duration-ms="149" started-at="2021-05-16T13:43:16 IST" finished-at="2021-05-16T13:43:16 IST">
          <reporter-output>
          </reporter-output>
        </test-method> <!-- startTest -->
        <test-method status="PASS" signature="loginToApplicaiton_TC()[pri:1, instance:apps.test.TC_1@7c83dc97]" name="loginToApplicaiton_TC" duration-ms="22507" started-at="2021-05-16T13:43:16 IST" finished-at="2021-05-16T13:43:39 IST">
          <reporter-output>
          </reporter-output>
        </test-method> <!-- loginToApplicaiton_TC -->
        <test-method status="PASS" signature="HomePageTest_TC()[pri:2, instance:apps.test.TC_1@7c83dc97]" name="HomePageTest_TC" duration-ms="9564" started-at="2021-05-16T13:43:39 IST" finished-at="2021-05-16T13:43:48 IST">
          <reporter-output>
          </reporter-output>
        </test-method> <!-- HomePageTest_TC -->
        <test-method status="PASS" signature="endTest()[pri:0, instance:apps.test.TC_1@7c83dc97]" name="endTest" is-config="true" duration-ms="219" started-at="2021-05-16T13:43:48 IST" finished-at="2021-05-16T13:43:49 IST">
          <reporter-output>
          </reporter-output>
        </test-method> <!-- endTest -->
      </class> <!-- apps.test.TC_1 -->
    </test> <!-- Default test -->
  </suite> <!-- Default suite -->
</testng-results>
